This is pdfTeX, Version 3.141592653-2.6-1.40.27 (TeX Live 2026/dev/Arch Linux) (preloaded format=pdftex 2026.1.10)  16 MAR 2026 04:42
entering extended mode
 restricted \write18 enabled.
 %&-line parsing enabled.
**docs/main.tex
(./docs/main.tex (./docs/macros.tex
\tabsp=\count27
\chaptercount=\count28
\sectioncount=\count29
\limitcount=\count30
) (./docs/frontpage.tex [1{/var/lib/texmf/fonts/map/pdftex/updmap/pdftex.map}])
 (./docs/contents.tex)
(./docs/introduction.tex [1] [2]) (./docs/environment.tex [3])
(./docs/syntax.tex) (./docs/library.tex
Overfull \hbox (185.50958pt too wide) in paragraph at lines 19--1
\tenrm they must all have unique nu-meric val-ues.  [] |

\hbox(6.94444+1.94444)x469.75499, glue set - 1.0
.\tenrm t
.\tenrm h
.\tenrm e
.\tenrm y
.\glue 3.33333 plus 1.66666 minus 1.11111
.etc.


Underfull \vbox (badness 1178) has occurred while \output is active
\vbox(643.20255+0.0)x469.75499, glue set 2.27682
.\glue(\topskip) 3.05556
.\hbox(6.94444+1.94444)x469.75499, glue set 175.46123fil
..\glue 0.0 plus 1.0fil minus 1.0fil
..\tenbf 3
..\tenbf .
..\glue 5.11108 plus 5.74997 minus 0.42592
..\tenit S
..etc.
.\glue 3.0 plus 1.0 minus 1.0
.\rule(0.4+0.0)x*
.\glue 6.0 plus 2.0 minus 2.0
.etc.

 [4]
[5]) (./docs/references.tex) [1] )</usr/share/texmf-dist/fonts/type1/public/ams
fonts/cm/cmbx10.pfb></usr/share/texmf-dist/fonts/type1/public/amsfonts/cm/cmmi1
0.pfb></usr/share/texmf-dist/fonts/type1/public/amsfonts/cm/cmr10.pfb></usr/sha
re/texmf-dist/fonts/type1/public/amsfonts/cm/cmsy10.pfb></usr/share/texmf-dist/
fonts/type1/public/amsfonts/cm/cmti10.pfb></usr/share/texmf-dist/fonts/type1/pu
blic/amsfonts/cm/cmtt10.pfb>
Output written on build/fpap-spec.pdf (7 pages, 97439 bytes).
PDF statistics:
 52 PDF objects out of 1000 (max. 8388607)
 36 compressed objects within 1 object stream
 0 named destinations out of 1000 (max. 500000)
 1 words of extra memory for PDF output out of 10000 (max. 10000000)

